<?xml version="1.0" encoding="UTF-8"?>
<testsuite name="FanTest" tests="2" skipped="0" failures="0" errors="0" timestamp="2020-07-01T20:46:20" hostname="lhan-CZJGH5" time="0.021">
  <properties/>
  <testcase name="Fan should return YAY when preferred team scores" classname="FanTest" time="0.017"/>
  <testcase name="Fan should return BOO when the other team scores" classname="FanTest" time="0.001"/>
  <system-out><![CDATA[]]></system-out>
  <system-err><![CDATA[]]></system-err>
</testsuite>
