<?xml version="1.0" encoding="UTF-8"?>
<testsuite name="FanTest" tests="2" skipped="0" failures="0" errors="0" timestamp="2020-07-02T17:32:44" hostname="groman-ZAMD6M" time="0.01">
  <properties/>
  <testcase name="Fan should return YAY when preferred team scores" classname="FanTest" time="0.003"/>
  <testcase name="Fan should return BOO when the other team scores" classname="FanTest" time="0.002"/>
  <system-out><![CDATA[]]></system-out>
  <system-err><![CDATA[]]></system-err>
</testsuite>
